#
# There is insufficient memory for the Java Runtime Environment to continue.
# Native memory allocation (malloc) failed to allocate 2712000 bytes for Chunk::new
# Possible reasons:
#   The system is out of physical RAM or swap space
#   The process is running with CompressedOops enabled, and the Java Heap may be blocking the growth of the native heap
# Possible solutions:
#   Reduce memory load on the system
#   Increase physical memory or swap space
#   Check if swap backing store is full
#   Decrease Java heap size (-Xmx/-Xms)
#   Decrease number of Java threads
#   Decrease Java thread stack sizes (-Xss)
#   Set larger code cache with -XX:ReservedCodeCacheSize=
#   JVM is running with Unscaled Compressed Oops mode in which the Java heap is
#     placed in the first 4GB address space. The Java Heap base address is the
#     maximum limit for the native heap growth. Please use -XX:HeapBaseMinAddress
#     to set the Java Heap base and to place the Java Heap above 4GB virtual address.
# This output file may be truncated or incomplete.
#
#  Out of Memory Error (arena.cpp:189), pid=18344, tid=22344
#
# JRE version: Java(TM) SE Runtime Environment (17.0.10+11) (build 17.0.10+11-LTS-240)
# Java VM: Java HotSpot(TM) 64-Bit Server VM (17.0.10+11-LTS-240, mixed mode, sharing, tiered, compressed oops, compressed class ptrs, g1 gc, windows-amd64)
# No core dump will be written. Minidumps are not enabled by default on client versions of Windows
#

---------------  S U M M A R Y ------------

Command Line: -agentlib:jdwp=transport=dt_socket,server=n,suspend=y,address=localhost:52065 -XX:+ShowCodeDetailsInExceptionMessages com.nguyenduydai.TopJob.TopJobApplication

Host: 11th Gen Intel(R) Core(TM) i5-11400H @ 2.70GHz, 12 cores, 7G,  Windows 11 , 64 bit Build 26100 (10.0.26100.3775)
Time: Wed May  7 11:47:16 2025 SE Asia Standard Time elapsed time: 424.431185 seconds (0d 0h 7m 4s)

---------------  T H R E A D  ---------------

Current thread (0x0000014867cbccd0):  JavaThread "C2 CompilerThread0" daemon [_thread_in_native, id=22344, stack(0x000000312ee00000,0x000000312ef00000)]


Current CompileTask:
C2: 424431 9482   !   4       java.lang.reflect.Field::declaredAnnotations (82 bytes)

Stack: [0x000000312ee00000,0x000000312ef00000]
Native frames: (J=compiled Java code, j=interpreted, Vv=VM code, C=native code)
V  [jvm.dll+0x677a5a]
V  [jvm.dll+0x7d8b2d]
V  [jvm.dll+0x7da48e]
V  [jvm.dll+0x7daaf3]
V  [jvm.dll+0x2455ff]
V  [jvm.dll+0xaaafb]
V  [jvm.dll+0xab09c]
V  [jvm.dll+0x361bae]
V  [jvm.dll+0x1bb1da]
V  [jvm.dll+0x217aa7]
V  [jvm.dll+0x216d81]
V  [jvm.dll+0x1a3410]
V  [jvm.dll+0x226aeb]
V  [jvm.dll+0x224cab]
V  [jvm.dll+0x78e45c]
V  [jvm.dll+0x78888a]
V  [jvm.dll+0x676935]
C  [ucrtbase.dll+0x37b0]
C  [KERNEL32.DLL+0x2e8d7]
C  [ntdll.dll+0xb14fc]


---------------  P R O C E S S  ---------------

Threads class SMR info:
_java_thread_list=0x000001486eb51530, length=35, elements={
0x0000014867ca0130, 0x0000014867ca0cf0, 0x0000014867cb9a50, 0x0000014867cba410,
0x0000014867cbadd0, 0x0000014867cbbf30, 0x0000014867cbccd0, 0x0000014867cc1f40,
0x0000014867cd7910, 0x00000148686cf320, 0x00000148686d2520, 0x00000148686d2a10,
0x00000148686d68d0, 0x00000148686d7150, 0x000001486db08f10, 0x000001486db05c70,
0x000001486db08a00, 0x000001486db06690, 0x000001486db09420, 0x00000148748e6ac0,
0x00000148748eb1a0, 0x00000148748ea780, 0x00000148748e9850, 0x00000148748eac90,
0x00000148748e79f0, 0x00000148748eb6b0, 0x00000148748ebbc0, 0x00000148748e8e30,
0x00000148748e8410, 0x00000148748e9340, 0x00000148748ec0d0, 0x00000148748ee440,
0x00000148748eda20, 0x00000148748ed000, 0x000001486e1d0970
}

Java Threads: ( => current thread )
  0x0000014867ca0130 JavaThread "Reference Handler" daemon [_thread_blocked, id=31208, stack(0x000000312e800000,0x000000312e900000)]
  0x0000014867ca0cf0 JavaThread "Finalizer" daemon [_thread_blocked, id=34724, stack(0x000000312e900000,0x000000312ea00000)]
  0x0000014867cb9a50 JavaThread "Signal Dispatcher" daemon [_thread_blocked, id=19672, stack(0x000000312ea00000,0x000000312eb00000)]
  0x0000014867cba410 JavaThread "Attach Listener" daemon [_thread_blocked, id=21688, stack(0x000000312eb00000,0x000000312ec00000)]
  0x0000014867cbadd0 JavaThread "Service Thread" daemon [_thread_blocked, id=21864, stack(0x000000312ec00000,0x000000312ed00000)]
  0x0000014867cbbf30 JavaThread "Monitor Deflation Thread" daemon [_thread_blocked, id=14228, stack(0x000000312ed00000,0x000000312ee00000)]
=>0x0000014867cbccd0 JavaThread "C2 CompilerThread0" daemon [_thread_in_native, id=22344, stack(0x000000312ee00000,0x000000312ef00000)]
  0x0000014867cc1f40 JavaThread "C1 CompilerThread0" daemon [_thread_blocked, id=34180, stack(0x000000312ef00000,0x000000312f000000)]
  0x0000014867cd7910 JavaThread "Sweeper thread" daemon [_thread_blocked, id=32556, stack(0x000000312f000000,0x000000312f100000)]
  0x00000148686cf320 JavaThread "JDWP Transport Listener: dt_socket" daemon [_thread_blocked, id=35636, stack(0x000000312f100000,0x000000312f200000)]
  0x00000148686d2520 JavaThread "JDWP Event Helper Thread" daemon [_thread_blocked, id=10188, stack(0x000000312f200000,0x000000312f300000)]
  0x00000148686d2a10 JavaThread "JDWP Command Reader" daemon [_thread_in_native, id=31184, stack(0x000000312f300000,0x000000312f400000)]
  0x00000148686d68d0 JavaThread "Notification Thread" daemon [_thread_blocked, id=37032, stack(0x000000312f400000,0x000000312f500000)]
  0x00000148686d7150 JavaThread "Common-Cleaner" daemon [_thread_blocked, id=34916, stack(0x000000312f600000,0x000000312f700000)]
  0x000001486db08f10 JavaThread "Catalina-utility-1" [_thread_blocked, id=10752, stack(0x0000003130600000,0x0000003130700000)]
  0x000001486db05c70 JavaThread "Catalina-utility-2" [_thread_blocked, id=17740, stack(0x0000003130700000,0x0000003130800000)]
  0x000001486db08a00 JavaThread "container-0" [_thread_blocked, id=27228, stack(0x0000003130800000,0x0000003130900000)]
  0x000001486db06690 JavaThread "mysql-cj-abandoned-connection-cleanup" daemon [_thread_blocked, id=29516, stack(0x0000003130900000,0x0000003130a00000)]
  0x000001486db09420 JavaThread "HikariPool-1 housekeeper" daemon [_thread_blocked, id=9424, stack(0x0000003130b00000,0x0000003130c00000)]
  0x00000148748e6ac0 JavaThread "File Watcher" daemon [_thread_blocked, id=8156, stack(0x0000003130c00000,0x0000003130d00000)]
  0x00000148748eb1a0 JavaThread "Live Reload Server" daemon [_thread_in_native, id=7060, stack(0x0000003130d00000,0x0000003130e00000)]
  0x00000148748ea780 JavaThread "http-nio-8080-exec-1" daemon [_thread_blocked, id=29936, stack(0x0000003130e00000,0x0000003130f00000)]
  0x00000148748e9850 JavaThread "http-nio-8080-exec-2" daemon [_thread_blocked, id=28944, stack(0x0000003130f00000,0x0000003131000000)]
  0x00000148748eac90 JavaThread "http-nio-8080-exec-3" daemon [_thread_blocked, id=23960, stack(0x0000003131000000,0x0000003131100000)]
  0x00000148748e79f0 JavaThread "http-nio-8080-exec-4" daemon [_thread_blocked, id=4104, stack(0x0000003131100000,0x0000003131200000)]
  0x00000148748eb6b0 JavaThread "http-nio-8080-exec-5" daemon [_thread_blocked, id=28160, stack(0x0000003131200000,0x0000003131300000)]
  0x00000148748ebbc0 JavaThread "http-nio-8080-exec-6" daemon [_thread_blocked, id=21460, stack(0x0000003131300000,0x0000003131400000)]
  0x00000148748e8e30 JavaThread "http-nio-8080-exec-7" daemon [_thread_blocked, id=37048, stack(0x0000003131400000,0x0000003131500000)]
  0x00000148748e8410 JavaThread "http-nio-8080-exec-8" daemon [_thread_blocked, id=21828, stack(0x0000003131500000,0x0000003131600000)]
  0x00000148748e9340 JavaThread "http-nio-8080-exec-9" daemon [_thread_blocked, id=17436, stack(0x0000003131600000,0x0000003131700000)]
  0x00000148748ec0d0 JavaThread "http-nio-8080-exec-10" daemon [_thread_blocked, id=33032, stack(0x0000003131700000,0x0000003131800000)]
  0x00000148748ee440 JavaThread "http-nio-8080-Poller" daemon [_thread_in_native, id=28264, stack(0x0000003131800000,0x0000003131900000)]
  0x00000148748eda20 JavaThread "http-nio-8080-Acceptor" daemon [_thread_in_native, id=33972, stack(0x0000003131900000,0x0000003131a00000)]
  0x00000148748ed000 JavaThread "DestroyJavaVM" [_thread_blocked, id=20876, stack(0x000000312e100000,0x000000312e200000)]
  0x000001486e1d0970 JavaThread "C2 CompilerThread1" daemon [_thread_in_native, id=18292, stack(0x000000312de00000,0x000000312df00000)]

Other Threads:
  0x0000014867c9bef0 VMThread "VM Thread" [stack: 0x000000312e700000,0x000000312e800000] [id=5916]
  0x000001484a02f540 WatcherThread [stack: 0x000000312f500000,0x000000312f600000] [id=30024]
  0x000001484a010900 GCTaskThread "GC Thread#0" [stack: 0x000000312e200000,0x000000312e300000] [id=25848]
  0x000001486d78b030 GCTaskThread "GC Thread#1" [stack: 0x000000312f900000,0x000000312fa00000] [id=19468]
  0x000001486d7b21f0 GCTaskThread "GC Thread#2" [stack: 0x000000312fa00000,0x000000312fb00000] [id=11884]
  0x000001486d7b24b0 GCTaskThread "GC Thread#3" [stack: 0x000000312fb00000,0x000000312fc00000] [id=8440]
  0x000001486d7b2770 GCTaskThread "GC Thread#4" [stack: 0x000000312fc00000,0x000000312fd00000] [id=9556]
  0x000001486d8716f0 GCTaskThread "GC Thread#5" [stack: 0x000000312fd00000,0x000000312fe00000] [id=18256]
  0x000001486e2894a0 GCTaskThread "GC Thread#6" [stack: 0x000000312fe00000,0x000000312ff00000] [id=17204]
  0x000001486db258f0 GCTaskThread "GC Thread#7" [stack: 0x0000003130000000,0x0000003130100000] [id=8676]
  0x000001486e054f40 GCTaskThread "GC Thread#8" [stack: 0x0000003130100000,0x0000003130200000] [id=5820]
  0x000001486daf77e0 GCTaskThread "GC Thread#9" [stack: 0x0000003130200000,0x0000003130300000] [id=18268]
  0x000001484a022120 ConcurrentGCThread "G1 Main Marker" [stack: 0x000000312e300000,0x000000312e400000] [id=15048]
  0x000001484a022b30 ConcurrentGCThread "G1 Conc#0" [stack: 0x000000312e400000,0x000000312e500000] [id=34420]
  0x000001486e4a7c50 ConcurrentGCThread "G1 Conc#1" [stack: 0x000000312ff00000,0x0000003130000000] [id=36148]
  0x000001486e4a76d0 ConcurrentGCThread "G1 Conc#2" [stack: 0x0000003130400000,0x0000003130500000] [id=32240]
  0x000001484a05d9c0 ConcurrentGCThread "G1 Refine#0" [stack: 0x000000312e500000,0x000000312e600000] [id=3288]
  0x0000014867b4b370 ConcurrentGCThread "G1 Service" [stack: 0x000000312e600000,0x000000312e700000] [id=28852]

Threads with active compile tasks:
C2 CompilerThread0   424473 9482   !   4       java.lang.reflect.Field::declaredAnnotations (82 bytes)
C2 CompilerThread1   424473 9497       4       org.springframework.util.StringUtils::hasText (17 bytes)

VM state: not at safepoint (normal execution)

VM Mutex/Monitor currently owned by a thread: None

Heap address: 0x0000000083a00000, size: 1990 MB, Compressed Oops mode: 32-bit

CDS archive(s) mapped at: [0x0000014800000000-0x0000014800bd0000-0x0000014800bd0000), size 12386304, SharedBaseAddress: 0x0000014800000000, ArchiveRelocationMode: 1.
Compressed class space mapped at: 0x0000014801000000-0x0000014841000000, reserved size: 1073741824
Narrow klass base: 0x0000014800000000, Narrow klass shift: 0, Narrow klass range: 0x100000000

GC Precious Log:
 CPUs: 12 total, 12 available
 Memory: 7955M
 Large Page Support: Disabled
 NUMA Support: Disabled
 Compressed Oops: Enabled (32-bit)
 Heap Region Size: 1M
 Heap Min Capacity: 8M
 Heap Initial Capacity: 126M
 Heap Max Capacity: 1990M
 Pre-touch: Disabled
 Parallel Workers: 10
 Concurrent Workers: 3
 Concurrent Refinement Workers: 10
 Periodic GC: Disabled

Heap:
 garbage-first heap   total 84992K, used 48666K [0x0000000083a00000, 0x0000000100000000)
  region size 1024K, 4 young (4096K), 2 survivors (2048K)
 Metaspace       used 88638K, committed 89344K, reserved 1179648K
  class space    used 12094K, committed 12416K, reserved 1048576K

Heap Regions: E=young(eden), S=young(survivor), O=old, HS=humongous(starts), HC=humongous(continues), CS=collection set, F=free, OA=open archive, CA=closed archive, TAMS=top-at-mark-start (previous, next)
|   0|0x0000000083a00000, 0x0000000083b00000, 0x0000000083b00000|100%|HS|  |TAMS 0x0000000083b00000, 0x0000000083a00000| Complete 
|   1|0x0000000083b00000, 0x0000000083c00000, 0x0000000083c00000|100%| O|  |TAMS 0x0000000083c00000, 0x0000000083b00000| Untracked 
|   2|0x0000000083c00000, 0x0000000083d00000, 0x0000000083d00000|100%| O|  |TAMS 0x0000000083d00000, 0x0000000083c00000| Untracked 
|   3|0x0000000083d00000, 0x0000000083e00000, 0x0000000083e00000|100%| O|  |TAMS 0x0000000083e00000, 0x0000000083d00000| Untracked 
|   4|0x0000000083e00000, 0x0000000083f00000, 0x0000000083f00000|100%| O|  |TAMS 0x0000000083f00000, 0x0000000083e00000| Untracked 
|   5|0x0000000083f00000, 0x0000000084000000, 0x0000000084000000|100%| O|  |TAMS 0x0000000084000000, 0x0000000083f00000| Untracked 
|   6|0x0000000084000000, 0x0000000084100000, 0x0000000084100000|100%| O|  |TAMS 0x0000000084100000, 0x0000000084000000| Untracked 
|   7|0x0000000084100000, 0x0000000084200000, 0x0000000084200000|100%| O|  |TAMS 0x0000000084200000, 0x0000000084100000| Untracked 
|   8|0x0000000084200000, 0x0000000084300000, 0x0000000084300000|100%| O|  |TAMS 0x0000000084300000, 0x0000000084200000| Untracked 
|   9|0x0000000084300000, 0x0000000084400000, 0x0000000084400000|100%| O|  |TAMS 0x0000000084400000, 0x0000000084300000| Untracked 
|  10|0x0000000084400000, 0x0000000084500000, 0x0000000084500000|100%| O|  |TAMS 0x0000000084500000, 0x0000000084400000| Untracked 
|  11|0x0000000084500000, 0x0000000084600000, 0x0000000084600000|100%| O|  |TAMS 0x0000000084600000, 0x0000000084500000| Untracked 
|  12|0x0000000084600000, 0x0000000084700000, 0x0000000084700000|100%| O|  |TAMS 0x0000000084700000, 0x0000000084600000| Untracked 
|  13|0x0000000084700000, 0x0000000084800000, 0x0000000084800000|100%| O|  |TAMS 0x0000000084800000, 0x0000000084700000| Untracked 
|  14|0x0000000084800000, 0x0000000084900000, 0x0000000084900000|100%| O|  |TAMS 0x0000000084900000, 0x0000000084800000| Untracked 
|  15|0x0000000084900000, 0x0000000084a00000, 0x0000000084a00000|100%| O|  |TAMS 0x0000000084a00000, 0x0000000084900000| Untracked 
|  16|0x0000000084a00000, 0x0000000084b00000, 0x0000000084b00000|100%| O|  |TAMS 0x0000000084b00000, 0x0000000084a00000| Untracked 
|  17|0x0000000084b00000, 0x0000000084c00000, 0x0000000084c00000|100%| O|  |TAMS 0x0000000084c00000, 0x0000000084b00000| Untracked 
|  18|0x0000000084c00000, 0x0000000084d00000, 0x0000000084d00000|100%| O|  |TAMS 0x0000000084d00000, 0x0000000084c00000| Untracked 
|  19|0x0000000084d00000, 0x0000000084e00000, 0x0000000084e00000|100%| O|  |TAMS 0x0000000084e00000, 0x0000000084d00000| Untracked 
|  20|0x0000000084e00000, 0x0000000084f00000, 0x0000000084f00000|100%| O|  |TAMS 0x0000000084f00000, 0x0000000084e00000| Complete 
|  21|0x0000000084f00000, 0x0000000085000000, 0x0000000085000000|100%| O|  |TAMS 0x0000000085000000, 0x0000000084f00000| Untracked 
|  22|0x0000000085000000, 0x0000000085100000, 0x0000000085100000|100%| O|  |TAMS 0x0000000085100000, 0x0000000085000000| Untracked 
|  23|0x0000000085100000, 0x0000000085200000, 0x0000000085200000|100%| O|  |TAMS 0x0000000085200000, 0x0000000085100000| Untracked 
|  24|0x0000000085200000, 0x0000000085300000, 0x0000000085300000|100%| O|  |TAMS 0x0000000085300000, 0x0000000085200000| Untracked 
|  25|0x0000000085300000, 0x00000000853ffff8, 0x0000000085400000| 99%| O|  |TAMS 0x00000000853ffff8, 0x0000000085300000| Untracked 
|  26|0x0000000085400000, 0x0000000085500000, 0x0000000085500000|100%| O|  |TAMS 0x0000000085500000, 0x0000000085400000| Untracked 
|  27|0x0000000085500000, 0x0000000085600000, 0x0000000085600000|100%| O|  |TAMS 0x0000000085600000, 0x0000000085500000| Untracked 
|  28|0x0000000085600000, 0x0000000085700000, 0x0000000085700000|100%| O|  |TAMS 0x0000000085700000, 0x0000000085600000| Untracked 
|  29|0x0000000085700000, 0x0000000085800000, 0x0000000085800000|100%| O|  |TAMS 0x0000000085800000, 0x0000000085700000| Untracked 
|  30|0x0000000085800000, 0x0000000085900000, 0x0000000085900000|100%| O|  |TAMS 0x0000000085900000, 0x0000000085800000| Untracked 
|  31|0x0000000085900000, 0x0000000085a00000, 0x0000000085a00000|100%| O|  |TAMS 0x0000000085a00000, 0x0000000085900000| Untracked 
|  32|0x0000000085a00000, 0x0000000085a00000, 0x0000000085b00000|  0%| F|  |TAMS 0x0000000085a00000, 0x0000000085a00000| Untracked 
|  33|0x0000000085b00000, 0x0000000085c00000, 0x0000000085c00000|100%| O|  |TAMS 0x0000000085c00000, 0x0000000085b00000| Untracked 
|  34|0x0000000085c00000, 0x0000000085d00000, 0x0000000085d00000|100%| O|  |TAMS 0x0000000085d00000, 0x0000000085c00000| Complete 
|  35|0x0000000085d00000, 0x0000000085e00000, 0x0000000085e00000|100%| O|  |TAMS 0x0000000085e00000, 0x0000000085d00000| Untracked 
|  36|0x0000000085e00000, 0x0000000085f00000, 0x0000000085f00000|100%| O|  |TAMS 0x0000000085f00000, 0x0000000085e00000| Untracked 
|  37|0x0000000085f00000, 0x0000000086000000, 0x0000000086000000|100%| O|  |TAMS 0x0000000086000000, 0x0000000085f00000| Untracked 
|  38|0x0000000086000000, 0x0000000086100000, 0x0000000086100000|100%| O|  |TAMS 0x0000000086100000, 0x0000000086000000| Untracked 
|  39|0x0000000086100000, 0x0000000086100000, 0x0000000086200000|  0%| F|  |TAMS 0x0000000086100000, 0x0000000086100000| Untracked 
|  40|0x0000000086200000, 0x0000000086300000, 0x0000000086300000|100%| O|  |TAMS 0x0000000086300000, 0x0000000086200000| Untracked 
|  41|0x0000000086300000, 0x0000000086400000, 0x0000000086400000|100%| O|  |TAMS 0x0000000086400000, 0x0000000086300000| Untracked 
|  42|0x0000000086400000, 0x0000000086500000, 0x0000000086500000|100%| O|  |TAMS 0x0000000086500000, 0x0000000086400000| Untracked 
|  43|0x0000000086500000, 0x0000000086600000, 0x0000000086600000|100%| O|  |TAMS 0x0000000086600000, 0x0000000086500000| Untracked 
|  44|0x0000000086600000, 0x0000000086700000, 0x0000000086700000|100%| O|  |TAMS 0x0000000086700000, 0x0000000086600000| Untracked 
|  45|0x0000000086700000, 0x0000000086800000, 0x0000000086800000|100%| O|  |TAMS 0x0000000086800000, 0x0000000086700000| Untracked 
|  46|0x0000000086800000, 0x00000000868dcc00, 0x0000000086900000| 86%| O|  |TAMS 0x00000000868dcc00, 0x0000000086800000| Untracked 
|  47|0x0000000086900000, 0x0000000086900000, 0x0000000086a00000|  0%| F|  |TAMS 0x0000000086900000, 0x0000000086900000| Untracked 
|  48|0x0000000086a00000, 0x0000000086a00000, 0x0000000086b00000|  0%| F|  |TAMS 0x0000000086a00000, 0x0000000086a00000| Untracked 
|  49|0x0000000086b00000, 0x0000000086b00000, 0x0000000086c00000|  0%| F|  |TAMS 0x0000000086b00000, 0x0000000086b00000| Untracked 
|  50|0x0000000086c00000, 0x0000000086c00000, 0x0000000086d00000|  0%| F|  |TAMS 0x0000000086c00000, 0x0000000086c00000| Untracked 
|  51|0x0000000086d00000, 0x0000000086d00000, 0x0000000086e00000|  0%| F|  |TAMS 0x0000000086d00000, 0x0000000086d00000| Untracked 
|  52|0x0000000086e00000, 0x0000000086e00000, 0x0000000086f00000|  0%| F|  |TAMS 0x0000000086e00000, 0x0000000086e00000| Untracked 
|  53|0x0000000086f00000, 0x0000000086f00000, 0x0000000087000000|  0%| F|  |TAMS 0x0000000086f00000, 0x0000000086f00000| Untracked 
|  54|0x0000000087000000, 0x0000000087000000, 0x0000000087100000|  0%| F|  |TAMS 0x0000000087000000, 0x0000000087000000| Untracked 
|  55|0x0000000087100000, 0x0000000087100000, 0x0000000087200000|  0%| F|  |TAMS 0x0000000087100000, 0x0000000087100000| Untracked 
|  56|0x0000000087200000, 0x00000000872a9c10, 0x0000000087300000| 66%| S|CS|TAMS 0x0000000087200000, 0x0000000087200000| Complete 
|  57|0x0000000087300000, 0x0000000087400000, 0x0000000087400000|100%| S|CS|TAMS 0x0000000087300000, 0x0000000087300000| Complete 
|  58|0x0000000087400000, 0x0000000087400000, 0x0000000087500000|  0%| F|  |TAMS 0x0000000087400000, 0x0000000087400000| Untracked 
|  59|0x0000000087500000, 0x0000000087500000, 0x0000000087600000|  0%| F|  |TAMS 0x0000000087500000, 0x0000000087500000| Untracked 
|  60|0x0000000087600000, 0x0000000087600000, 0x0000000087700000|  0%| F|  |TAMS 0x0000000087600000, 0x0000000087600000| Untracked 
|  61|0x0000000087700000, 0x0000000087700000, 0x0000000087800000|  0%| F|  |TAMS 0x0000000087700000, 0x0000000087700000| Untracked 
|  62|0x0000000087800000, 0x0000000087800000, 0x0000000087900000|  0%| F|  |TAMS 0x0000000087800000, 0x0000000087800000| Untracked 
|  63|0x0000000087900000, 0x0000000087900000, 0x0000000087a00000|  0%| F|  |TAMS 0x0000000087900000, 0x0000000087900000| Untracked 
|  64|0x0000000087a00000, 0x0000000087a00000, 0x0000000087b00000|  0%| F|  |TAMS 0x0000000087a00000, 0x0000000087a00000| Untracked 
|  65|0x0000000087b00000, 0x0000000087b00000, 0x0000000087c00000|  0%| F|  |TAMS 0x0000000087b00000, 0x0000000087b00000| Untracked 
|  66|0x0000000087c00000, 0x0000000087c00000, 0x0000000087d00000|  0%| F|  |TAMS 0x0000000087c00000, 0x0000000087c00000| Untracked 
|  67|0x0000000087d00000, 0x0000000087d00000, 0x0000000087e00000|  0%| F|  |TAMS 0x0000000087d00000, 0x0000000087d00000| Untracked 
|  68|0x0000000087e00000, 0x0000000087e00000, 0x0000000087f00000|  0%| F|  |TAMS 0x0000000087e00000, 0x0000000087e00000| Untracked 
|  69|0x0000000087f00000, 0x0000000087f00000, 0x0000000088000000|  0%| F|  |TAMS 0x0000000087f00000, 0x0000000087f00000| Untracked 
|  70|0x0000000088000000, 0x0000000088000000, 0x0000000088100000|  0%| F|  |TAMS 0x0000000088000000, 0x0000000088000000| Untracked 
|  71|0x0000000088100000, 0x0000000088100000, 0x0000000088200000|  0%| F|  |TAMS 0x0000000088100000, 0x0000000088100000| Untracked 
|  72|0x0000000088200000, 0x0000000088200000, 0x0000000088300000|  0%| F|  |TAMS 0x0000000088200000, 0x0000000088200000| Untracked 
|  73|0x0000000088300000, 0x0000000088300000, 0x0000000088400000|  0%| F|  |TAMS 0x0000000088300000, 0x0000000088300000| Untracked 
|  74|0x0000000088400000, 0x0000000088400000, 0x0000000088500000|  0%| F|  |TAMS 0x0000000088400000, 0x0000000088400000| Untracked 
|  75|0x0000000088500000, 0x0000000088500000, 0x0000000088600000|  0%| F|  |TAMS 0x0000000088500000, 0x0000000088500000| Untracked 
|  76|0x0000000088600000, 0x0000000088600000, 0x0000000088700000|  0%| F|  |TAMS 0x0000000088600000, 0x0000000088600000| Untracked 
|  77|0x0000000088700000, 0x0000000088700000, 0x0000000088800000|  0%| F|  |TAMS 0x0000000088700000, 0x0000000088700000| Untracked 
|  78|0x0000000088800000, 0x0000000088800000, 0x0000000088900000|  0%| F|  |TAMS 0x0000000088800000, 0x0000000088800000| Untracked 
|  79|0x0000000088900000, 0x0000000088900000, 0x0000000088a00000|  0%| F|  |TAMS 0x0000000088900000, 0x0000000088900000| Untracked 
|  80|0x0000000088a00000, 0x0000000088a00000, 0x0000000088b00000|  0%| F|  |TAMS 0x0000000088a00000, 0x0000000088a00000| Untracked 
|  81|0x0000000088b00000, 0x0000000088b77ef8, 0x0000000088c00000| 46%| E|  |TAMS 0x0000000088b00000, 0x0000000088b00000| Complete 
| 125|0x000000008b700000, 0x000000008b800000, 0x000000008b800000|100%| E|CS|TAMS 0x000000008b700000, 0x000000008b700000| Complete 

Card table byte_map: [0x0000014861180000,0x0000014861570000] _byte_map_base: 0x0000014860d63000

Marking Bits (Prev, Next): (CMBitMap*) 0x000001484a011f30, (CMBitMap*) 0x000001484a011f70
 Prev Bits: [0x0000014861960000, 0x0000014863878000)
 Next Bits: [0x0000014863880000, 0x0000014865798000)

Polling page: 0x0000014849760000

Metaspace:

Usage:
  Non-class:     74.75 MB used.
      Class:     11.81 MB used.
       Both:     86.56 MB used.

Virtual space:
  Non-class space:      128.00 MB reserved,      75.12 MB ( 59%) committed,  2 nodes.
      Class space:        1.00 GB reserved,      12.12 MB (  1%) committed,  1 nodes.
             Both:        1.12 GB reserved,      87.25 MB (  8%) committed. 

Chunk freelists:
   Non-Class:  3.98 MB
       Class:  3.76 MB
        Both:  7.75 MB

MaxMetaspaceSize: unlimited
CompressedClassSpaceSize: 1.00 GB
Initial GC threshold: 21.00 MB
Current GC threshold: 145.31 MB
CDS: on
MetaspaceReclaimPolicy: balanced
 - commit_granule_bytes: 65536.
 - commit_granule_words: 8192.
 - virtual_space_node_default_size: 8388608.
 - enlarge_chunks_in_place: 1.
 - new_chunks_are_fully_committed: 0.
 - uncommit_free_chunks: 1.
 - use_allocation_guard: 0.
 - handle_deallocations: 1.


Internal statistics:

num_allocs_failed_limit: 6.
num_arena_births: 974.
num_arena_deaths: 10.
num_vsnodes_births: 3.
num_vsnodes_deaths: 0.
num_space_committed: 1396.
num_space_uncommitted: 0.
num_chunks_returned_to_freelist: 21.
num_chunks_taken_from_freelist: 4233.
num_chunk_merges: 3.
num_chunk_splits: 3017.
num_chunks_enlarged: 2359.
num_inconsistent_stats: 0.

CodeHeap 'non-profiled nmethods': size=120000Kb used=6963Kb max_used=6963Kb free=113036Kb
 bounds [0x0000014859310000, 0x00000148599e0000, 0x0000014860840000]
CodeHeap 'profiled nmethods': size=120000Kb used=15795Kb max_used=15795Kb free=104205Kb
 bounds [0x0000014851840000, 0x00000148527b0000, 0x0000014858d70000]
CodeHeap 'non-nmethods': size=5760Kb used=1477Kb max_used=1543Kb free=4282Kb
 bounds [0x0000014858d70000, 0x0000014858fe0000, 0x0000014859310000]
 total_blobs=9304 nmethods=8569 adapters=646
 compilation: enabled
              stopped_count=0, restarted_count=0
 full_count=0

Compilation events (20 events):
Event: 422.063 Thread 0x0000014867cc1f40 10037       1       org.hibernate.internal.AbstractSharedSessionContract::setHibernateFlushMode (6 bytes)
Event: 422.063 Thread 0x0000014867cc1f40 nmethod 10037 0x00000148599d1a90 code [0x00000148599d1c20, 0x00000148599d1d38]
Event: 422.195 Thread 0x0000014867cc1f40 10038       2       org.apache.catalina.connector.ResponseFacade::getHeader (13 bytes)
Event: 422.197 Thread 0x0000014867cc1f40 nmethod 10038 0x00000148527a5d10 code [0x00000148527a5f00, 0x00000148527a61b8]
Event: 422.197 Thread 0x0000014867cc1f40 10043       2       java.nio.Buffer::rewind (12 bytes)
Event: 422.198 Thread 0x0000014867cc1f40 nmethod 10043 0x00000148527a6410 code [0x00000148527a65a0, 0x00000148527a66b8]
Event: 422.198 Thread 0x0000014867cc1f40 10042       2       java.lang.invoke.VarHandleInts$FieldInstanceReadWrite::getAndSet (28 bytes)
Event: 422.198 Thread 0x000001486e1d0970 nmethod 9923% 0x00000148599d1d90 code [0x00000148599d1f40, 0x00000148599d2ab8]
Event: 422.200 Thread 0x0000014867cc1f40 nmethod 10042 0x00000148527a6790 code [0x00000148527a6960, 0x00000148527a6ca8]
Event: 422.200 Thread 0x0000014867cc1f40 10040       2       java.nio.channels.spi.AbstractSelectableChannel::isBlocking (13 bytes)
Event: 422.201 Thread 0x000001486e1d0970 9595   !   4       java.util.stream.ReferencePipeline$7$1::accept (127 bytes)
Event: 422.201 Thread 0x0000014867cc1f40 nmethod 10040 0x00000148527a6f10 code [0x00000148527a70a0, 0x00000148527a71b8]
Event: 422.201 Thread 0x0000014867cc1f40 10041       1       org.springframework.context.event.SimpleApplicationEventMulticaster::getErrorHandler (5 bytes)
Event: 422.201 Thread 0x0000014867cc1f40 nmethod 10041 0x00000148599d3090 code [0x00000148599d3220, 0x00000148599d32f8]
Event: 422.201 Thread 0x0000014867cc1f40 10039       2       org.apache.catalina.connector.Response::getHeader (12 bytes)
Event: 422.202 Thread 0x0000014867cc1f40 nmethod 10039 0x00000148527a7290 code [0x00000148527a7440, 0x00000148527a75f8]
Event: 422.379 Thread 0x0000014867cc1f40 10044       2       org.apache.coyote.Response::addHeader (58 bytes)
Event: 422.380 Thread 0x0000014867cc1f40 nmethod 10044 0x00000148527a7790 code [0x00000148527a79a0, 0x00000148527a7ea8]
Event: 422.381 Thread 0x0000014867cc1f40 10045   !   2       org.apache.coyote.AbstractProcessor::action (1115 bytes)
Event: 422.389 Thread 0x0000014867cc1f40 nmethod 10045 0x00000148527a8310 code [0x00000148527a8c60, 0x00000148527ac428]

GC Heap History (20 events):
Event: 21.350 GC heap before
{Heap before GC invocations=32 (full 0):
 garbage-first heap   total 84992K, used 41082K [0x0000000083a00000, 0x0000000100000000)
  region size 1024K, 5 young (5120K), 4 survivors (4096K)
 Metaspace       used 74604K, committed 75136K, reserved 1114112K
  class space    used 10071K, committed 10304K, reserved 1048576K
}
Event: 21.357 GC heap after
{Heap after GC invocations=33 (full 0):
 garbage-first heap   total 84992K, used 40422K [0x0000000083a00000, 0x0000000100000000)
  region size 1024K, 1 young (1024K), 1 survivors (1024K)
 Metaspace       used 74604K, committed 75136K, reserved 1114112K
  class space    used 10071K, committed 10304K, reserved 1048576K
}
Event: 22.247 GC heap before
{Heap before GC invocations=33 (full 0):
 garbage-first heap   total 84992K, used 69094K [0x0000000083a00000, 0x0000000100000000)
  region size 1024K, 29 young (29696K), 1 survivors (1024K)
 Metaspace       used 76738K, committed 77312K, reserved 1179648K
  class space    used 10356K, committed 10624K, reserved 1048576K
}
Event: 22.249 GC heap after
{Heap after GC invocations=34 (full 0):
 garbage-first heap   total 84992K, used 41717K [0x0000000083a00000, 0x0000000100000000)
  region size 1024K, 2 young (2048K), 2 survivors (2048K)
 Metaspace       used 76738K, committed 77312K, reserved 1179648K
  class space    used 10356K, committed 10624K, reserved 1048576K
}
Event: 22.969 GC heap before
{Heap before GC invocations=35 (full 0):
 garbage-first heap   total 84992K, used 69365K [0x0000000083a00000, 0x0000000100000000)
  region size 1024K, 29 young (29696K), 2 survivors (2048K)
 Metaspace       used 78734K, committed 79296K, reserved 1179648K
  class space    used 10635K, committed 10944K, reserved 1048576K
}
Event: 22.972 GC heap after
{Heap after GC invocations=36 (full 0):
 garbage-first heap   total 84992K, used 43896K [0x0000000083a00000, 0x0000000100000000)
  region size 1024K, 4 young (4096K), 4 survivors (4096K)
 Metaspace       used 78734K, committed 79296K, reserved 1179648K
  class space    used 10635K, committed 10944K, reserved 1048576K
}
Event: 23.727 GC heap before
{Heap before GC invocations=36 (full 0):
 garbage-first heap   total 84992K, used 69496K [0x0000000083a00000, 0x0000000100000000)
  region size 1024K, 29 young (29696K), 4 survivors (4096K)
 Metaspace       used 80722K, committed 81280K, reserved 1179648K
  class space    used 10936K, committed 11200K, reserved 1048576K
}
Event: 23.734 GC heap after
{Heap after GC invocations=37 (full 0):
 garbage-first heap   total 84992K, used 45605K [0x0000000083a00000, 0x0000000100000000)
  region size 1024K, 2 young (2048K), 2 survivors (2048K)
 Metaspace       used 80722K, committed 81280K, reserved 1179648K
  class space    used 10936K, committed 11200K, reserved 1048576K
}
Event: 52.066 GC heap before
{Heap before GC invocations=38 (full 0):
 garbage-first heap   total 84992K, used 69157K [0x0000000083a00000, 0x0000000100000000)
  region size 1024K, 26 young (26624K), 2 survivors (2048K)
 Metaspace       used 84074K, committed 84672K, reserved 1179648K
  class space    used 11518K, committed 11776K, reserved 1048576K
}
Event: 52.069 GC heap after
{Heap after GC invocations=39 (full 0):
 garbage-first heap   total 84992K, used 46502K [0x0000000083a00000, 0x0000000100000000)
  region size 1024K, 3 young (3072K), 3 survivors (3072K)
 Metaspace       used 84074K, committed 84672K, reserved 1179648K
  class space    used 11518K, committed 11776K, reserved 1048576K
}
Event: 58.811 GC heap before
{Heap before GC invocations=39 (full 0):
 garbage-first heap   total 84992K, used 47526K [0x0000000083a00000, 0x0000000100000000)
  region size 1024K, 4 young (4096K), 3 survivors (3072K)
 Metaspace       used 84076K, committed 84672K, reserved 1179648K
  class space    used 11518K, committed 11776K, reserved 1048576K
}
Event: 58.817 GC heap after
{Heap after GC invocations=40 (full 0):
 garbage-first heap   total 84992K, used 46246K [0x0000000083a00000, 0x0000000100000000)
  region size 1024K, 1 young (1024K), 1 survivors (1024K)
 Metaspace       used 84076K, committed 84672K, reserved 1179648K
  class space    used 11518K, committed 11776K, reserved 1048576K
}
Event: 161.735 GC heap before
{Heap before GC invocations=40 (full 0):
 garbage-first heap   total 84992K, used 68774K [0x0000000083a00000, 0x0000000100000000)
  region size 1024K, 24 young (24576K), 1 survivors (1024K)
 Metaspace       used 86498K, committed 87104K, reserved 1179648K
  class space    used 11817K, committed 12096K, reserved 1048576K
}
Event: 161.781 GC heap after
{Heap after GC invocations=41 (full 0):
 garbage-first heap   total 84992K, used 46665K [0x0000000083a00000, 0x0000000100000000)
  region size 1024K, 1 young (1024K), 1 survivors (1024K)
 Metaspace       used 86498K, committed 87104K, reserved 1179648K
  class space    used 11817K, committed 12096K, reserved 1048576K
}
Event: 335.839 GC heap before
{Heap before GC invocations=42 (full 0):
 garbage-first heap   total 84992K, used 71241K [0x0000000083a00000, 0x0000000100000000)
  region size 1024K, 25 young (25600K), 1 survivors (1024K)
 Metaspace       used 86532K, committed 87168K, reserved 1179648K
  class space    used 11816K, committed 12096K, reserved 1048576K
}
Event: 335.921 GC heap after
{Heap after GC invocations=43 (full 0):
 garbage-first heap   total 84992K, used 46704K [0x0000000083a00000, 0x0000000100000000)
  region size 1024K, 1 young (1024K), 1 survivors (1024K)
 Metaspace       used 86532K, committed 87168K, reserved 1179648K
  class space    used 11816K, committed 12096K, reserved 1048576K
}
Event: 357.627 GC heap before
{Heap before GC invocations=43 (full 0):
 garbage-first heap   total 84992K, used 49776K [0x0000000083a00000, 0x0000000100000000)
  region size 1024K, 4 young (4096K), 1 survivors (1024K)
 Metaspace       used 86532K, committed 87168K, reserved 1179648K
  class space    used 11816K, committed 12096K, reserved 1048576K
}
Event: 357.677 GC heap after
{Heap after GC invocations=44 (full 0):
 garbage-first heap   total 84992K, used 46030K [0x0000000083a00000, 0x0000000100000000)
  region size 1024K, 1 young (1024K), 1 survivors (1024K)
 Metaspace       used 86532K, committed 87168K, reserved 1179648K
  class space    used 11816K, committed 12096K, reserved 1048576K
}
Event: 420.187 GC heap before
{Heap before GC invocations=44 (full 0):
 garbage-first heap   total 84992K, used 70606K [0x0000000083a00000, 0x0000000100000000)
  region size 1024K, 25 young (25600K), 1 survivors (1024K)
 Metaspace       used 88565K, committed 89280K, reserved 1179648K
  class space    used 12089K, committed 12416K, reserved 1048576K
}
Event: 420.457 GC heap after
{Heap after GC invocations=45 (full 0):
 garbage-first heap   total 84992K, used 47642K [0x0000000083a00000, 0x0000000100000000)
  region size 1024K, 2 young (2048K), 2 survivors (2048K)
 Metaspace       used 88565K, committed 89280K, reserved 1179648K
  class space    used 12089K, committed 12416K, reserved 1048576K
}

Deoptimization events (20 events):
Event: 417.659 Thread 0x00000148748ec0d0 DEOPT PACKING pc=0x0000014851d8be1c sp=0x00000031317f9410
Event: 417.659 Thread 0x00000148748ec0d0 DEOPT UNPACKING pc=0x0000014858dc66e3 sp=0x00000031317f89d0 mode 1
Event: 417.662 Thread 0x00000148748e9340 Uncommon trap: trap_request=0xffffff54 fr.pc=0x0000014859806a94 relative=0x0000000000000774
Event: 417.662 Thread 0x00000148748e9340 Uncommon trap: reason=speculate_null_assert action=make_not_entrant pc=0x0000014859806a94 method=org.springframework.util.ConcurrentReferenceHashMap$Segment.restructureIfNecessary(Z)V @ 41 c2
Event: 417.662 Thread 0x00000148748e9340 DEOPT PACKING pc=0x0000014859806a94 sp=0x00000031316fa7c0
Event: 417.662 Thread 0x00000148748e9340 DEOPT UNPACKING pc=0x0000014858dc5ba3 sp=0x00000031316fa6b8 mode 2
Event: 417.705 Thread 0x00000148748e9340 DEOPT PACKING pc=0x0000014851f44f1c sp=0x00000031316fb430
Event: 417.705 Thread 0x00000148748e9340 DEOPT UNPACKING pc=0x0000014858dc66e3 sp=0x00000031316fa958 mode 1
Event: 417.705 Thread 0x00000148748e9340 DEOPT PACKING pc=0x00000148593cf574 sp=0x00000031316fb510
Event: 417.705 Thread 0x00000148748e9340 DEOPT UNPACKING pc=0x0000014858dc66e3 sp=0x00000031316fa9d0 mode 1
Event: 417.950 Thread 0x00000148748e8e30 Uncommon trap: trap_request=0xffffff45 fr.pc=0x00000148595128c0 relative=0x0000000000002000
Event: 417.950 Thread 0x00000148748eac90 Uncommon trap: trap_request=0xffffff45 fr.pc=0x00000148595128c0 relative=0x0000000000002000
Event: 417.950 Thread 0x00000148748e8e30 Uncommon trap: reason=unstable_if action=reinterpret pc=0x00000148595128c0 method=java.net.URL.<init>(Ljava/net/URL;Ljava/lang/String;Ljava/net/URLStreamHandler;)V @ 233 c2
Event: 417.950 Thread 0x00000148748eac90 Uncommon trap: reason=unstable_if action=reinterpret pc=0x00000148595128c0 method=java.net.URL.<init>(Ljava/net/URL;Ljava/lang/String;Ljava/net/URLStreamHandler;)V @ 233 c2
Event: 417.950 Thread 0x00000148748e8e30 DEOPT PACKING pc=0x00000148595128c0 sp=0x00000031314fb390
Event: 417.950 Thread 0x00000148748eac90 DEOPT PACKING pc=0x00000148595128c0 sp=0x00000031310fb230
Event: 417.950 Thread 0x00000148748e8e30 DEOPT UNPACKING pc=0x0000014858dc5ba3 sp=0x00000031314fb350 mode 2
Event: 417.971 Thread 0x00000148748eb6b0 DEOPT PACKING pc=0x00000148526a70d6 sp=0x00000031312f6c70
Event: 418.953 Thread 0x00000148748eb6b0 DEOPT UNPACKING pc=0x0000014858dc66e3 sp=0x00000031312f60f8 mode 0
Event: 418.953 Thread 0x00000148748eac90 DEOPT UNPACKING pc=0x0000014858dc5ba3 sp=0x00000031310fb1f0 mode 2

Classes unloaded (5 events):
Event: 22.273 Thread 0x0000014867c9bef0 Unloading class 0x0000014801a09000 'jdk/internal/reflect/GeneratedSerializationConstructorAccessor5'
Event: 22.273 Thread 0x0000014867c9bef0 Unloading class 0x0000014801a08400 'jdk/internal/reflect/GeneratedSerializationConstructorAccessor4'
Event: 22.273 Thread 0x0000014867c9bef0 Unloading class 0x00000148019c8000 'jdk/internal/reflect/GeneratedSerializationConstructorAccessor1'
Event: 161.885 Thread 0x0000014867c9bef0 Unloading class 0x0000014801a14000 'jdk/internal/reflect/GeneratedSerializationConstructorAccessor7'
Event: 161.885 Thread 0x0000014867c9bef0 Unloading class 0x0000014801a09800 'jdk/internal/reflect/GeneratedSerializationConstructorAccessor6'

Classes redefined (0 events):
No events

Internal exceptions (20 events):
Event: 20.348 Thread 0x000001486d957080 Exception <a 'java/io/FileNotFoundException'{0x000000008b726478}> (0x000000008b726478) 
thrown [s\open\src\hotspot\share\prims\jni.cpp, line 516]
Event: 22.187 Thread 0x000001486d957080 Exception <a 'java/lang/IncompatibleClassChangeError'{0x000000008746a318}: Found class java.lang.Object, but interface was expected> (0x000000008746a318) 
thrown [s\open\src\hotspot\share\interpreter\linkResolver.cpp, line 826]
Event: 22.480 Thread 0x000001486d957080 Exception <a 'java/lang/NoSuchMethodError'{0x00000000883f8690}: 'java.lang.Object java.lang.invoke.DirectMethodHandle$Holder.invokeInterface(java.lang.Object, java.lang.Object, java.lang.Object, java.lang.Object)'> (0x00000000883f8690) 
thrown [s\open\src\hotspot\share\interpreter\linkResolver.cpp, line 759]
Event: 22.650 Thread 0x000001486d957080 Exception <a 'java/lang/NoSuchMethodError'{0x0000000087e7dc30}: 'void java.lang.invoke.DirectMethodHandle$Holder.invokeVirtual(java.lang.Object, java.lang.Object, long)'> (0x0000000087e7dc30) 
thrown [s\open\src\hotspot\share\interpreter\linkResolver.cpp, line 759]
Event: 22.995 Thread 0x000001486d957080 Exception <a 'java/lang/IncompatibleClassChangeError'{0x0000000088bf0d68}: Found class java.lang.Object, but interface was expected> (0x0000000088bf0d68) 
thrown [s\open\src\hotspot\share\interpreter\linkResolver.cpp, line 826]
Event: 23.006 Thread 0x000001486d957080 Implicit null exception at 0x00000148598bedd2 to 0x00000148598bf02c
Event: 23.325 Thread 0x000001486d957080 Exception <a 'java/lang/NoSuchMethodError'{0x0000000087b64588}: 'java.lang.Object java.lang.invoke.DirectMethodHandle$Holder.newInvokeSpecial(java.lang.Object, java.lang.Object, int, java.lang.Object, java.lang.Object)'> (0x0000000087b64588) 
thrown [s\open\src\hotspot\share\interpreter\linkResolver.cpp, line 759]
Event: 23.407 Thread 0x000001486d957080 Implicit null exception at 0x000001485946305b to 0x00000148594632c0
Event: 24.071 Thread 0x000001486d957080 Exception <a 'java/lang/IncompatibleClassChangeError'{0x0000000087c5c0f8}: Found class java.lang.Object, but interface was expected> (0x0000000087c5c0f8) 
thrown [s\open\src\hotspot\share\interpreter\linkResolver.cpp, line 826]
Event: 70.113 Thread 0x00000148748e9850 Exception <a 'java/lang/NoSuchMethodError'{0x000000008885dc98}: 'java.lang.Object java.lang.invoke.DirectMethodHandle$Holder.invokeSpecial(java.lang.Object, java.lang.Object, java.lang.Object, java.lang.Object, java.lang.Object, long)'> (0x000000008885dc98) 
thrown [s\open\src\hotspot\share\interpreter\linkResolver.cpp, line 759]
Event: 70.113 Thread 0x00000148748e9850 Exception <a 'java/lang/NoSuchMethodError'{0x00000000888616d8}: 'java.lang.Object java.lang.invoke.Invokers$Holder.linkToTargetMethod(java.lang.Object, java.lang.Object, java.lang.Object, long, java.lang.Object)'> (0x00000000888616d8) 
thrown [s\open\src\hotspot\share\interpreter\linkResolver.cpp, line 759]
Event: 416.975 Thread 0x00000148748e8e30 Exception <a 'java/lang/NoSuchMethodError'{0x0000000087f90390}: 'void java.lang.invoke.DirectMethodHandle$Holder.invokeSpecialIFC(java.lang.Object, java.lang.Object, int, java.lang.Object, java.lang.Object, java.lang.Object, java.lang.Object)'> (0x0000000087f90390) 
thrown [s\open\src\hotspot\share\interpreter\linkResolver.cpp, line 759]
Event: 417.280 Thread 0x00000148748e8e30 Exception <a 'java/lang/reflect/InvocationTargetException'{0x0000000087eca1c0}> (0x0000000087eca1c0) 
thrown [s\open\src\hotspot\share\runtime\reflection.cpp, line 1121]
Event: 417.469 Thread 0x00000148748eac90 Exception <a 'java/lang/IncompatibleClassChangeError'{0x0000000087cd8288}: Found class java.lang.Object, but interface was expected> (0x0000000087cd8288) 
thrown [s\open\src\hotspot\share\interpreter\linkResolver.cpp, line 826]
Event: 417.502 Thread 0x00000148748eac90 Exception <a 'java/lang/NoSuchMethodError'{0x0000000087cefb58}: 'java.lang.Object java.lang.invoke.DirectMethodHandle$Holder.newInvokeSpecial(java.lang.Object, long)'> (0x0000000087cefb58) 
thrown [s\open\src\hotspot\share\interpreter\linkResolver.cpp, line 759]
Event: 417.526 Thread 0x00000148748e8410 Exception <a 'java/lang/reflect/InvocationTargetException'{0x0000000087b97f00}> (0x0000000087b97f00) 
thrown [s\open\src\hotspot\share\runtime\reflection.cpp, line 1121]
Event: 417.705 Thread 0x00000148748e9340 Exception <a 'java/lang/reflect/InvocationTargetException'{0x00000000878a5400}> (0x00000000878a5400) 
thrown [s\open\src\hotspot\share\runtime\reflection.cpp, line 1121]
Event: 417.893 Thread 0x00000148748eac90 Exception <a 'java/lang/NoSuchMethodError'{0x000000008770ddf0}: 'java.lang.Object java.lang.invoke.DirectMethodHandle$Holder.invokeStatic(java.lang.Object, int, int)'> (0x000000008770ddf0) 
thrown [s\open\src\hotspot\share\interpreter\linkResolver.cpp, line 759]
Event: 417.894 Thread 0x00000148748e8e30 Exception <a 'java/lang/NoSuchMethodError'{0x0000000087747360}: 'java.lang.Object java.lang.invoke.DirectMethodHandle$Holder.invokeStatic(java.lang.Object, int, int)'> (0x0000000087747360) 
thrown [s\open\src\hotspot\share\interpreter\linkResolver.cpp, line 759]
Event: 420.173 Thread 0x00000148748e8410 Exception <a 'java/net/SocketException'{0x00000000877c7b08}: Connection reset by peer: shutdown> (0x00000000877c7b08) 
thrown [s\open\src\hotspot\share\prims\jni.cpp, line 535]

VM Operations (20 events):
Event: 417.277 Executing VM operation: HandshakeAllThreads
Event: 417.277 Executing VM operation: HandshakeAllThreads done
Event: 417.277 Executing VM operation: Cleanup
Event: 417.278 Executing VM operation: Cleanup done
Event: 417.603 Executing VM operation: HandshakeAllThreads
Event: 417.603 Executing VM operation: HandshakeAllThreads done
Event: 418.616 Executing VM operation: Cleanup
Event: 418.969 Executing VM operation: Cleanup done
Event: 419.021 Executing VM operation: HandshakeAllThreads
Event: 419.021 Executing VM operation: HandshakeAllThreads done
Event: 420.028 Executing VM operation: Cleanup
Event: 420.166 Executing VM operation: Cleanup done
Event: 420.180 Executing VM operation: G1CollectForAllocation
Event: 420.461 Executing VM operation: G1CollectForAllocation done
Event: 420.749 Executing VM operation: G1Concurrent
Event: 422.039 Executing VM operation: G1Concurrent done
Event: 422.039 Executing VM operation: HandshakeAllThreads
Event: 422.043 Executing VM operation: HandshakeAllThreads done
Event: 422.065 Executing VM operation: G1Concurrent
Event: 422.194 Executing VM operation: G1Concurrent done

Events (20 events):
Event: 415.521 loading class java/util/concurrent/locks/ReentrantReadWriteLock$Sync$HoldCounter done
Event: 415.939 Thread 0x000001486e1d2400 Thread added: 0x000001486e1d2400
Event: 416.452 Thread 0x00000148748edf30 Thread added: 0x00000148748edf30
Event: 417.242 Thread 0x000001486e1d2400 Thread exited: 0x000001486e1d2400
Event: 417.402 loading class jdk/internal/reflect/UnsafeIntegerFieldAccessorImpl
Event: 417.406 loading class jdk/internal/reflect/UnsafeIntegerFieldAccessorImpl done
Event: 417.472 loading class java/util/function/LongSupplier
Event: 417.474 loading class jdk/internal/reflect/UnsafeBooleanFieldAccessorImpl
Event: 417.475 loading class java/util/function/LongSupplier done
Event: 417.475 loading class jdk/internal/reflect/UnsafeBooleanFieldAccessorImpl done
Event: 417.477 loading class jdk/internal/reflect/UnsafeDoubleFieldAccessorImpl
Event: 417.481 loading class jdk/internal/reflect/UnsafeDoubleFieldAccessorImpl done
Event: 417.562 loading class java/util/concurrent/atomic/Striped64$Cell
Event: 417.564 loading class java/util/concurrent/atomic/Striped64$Cell done
Event: 417.898 loading class java/util/ArrayList$SubList$2
Event: 417.899 loading class java/time/Instant$1
Event: 417.901 loading class java/time/Instant$1 done
Event: 417.902 loading class java/util/ArrayList$SubList$2 done
Event: 422.045 Thread 0x000001486e1d0970 Thread added: 0x000001486e1d0970
Event: 422.047 Thread 0x00000148748edf30 Thread exited: 0x00000148748edf30


Dynamic libraries:
0x00007ff60fca0000 - 0x00007ff60fcb0000 	C:\Program Files\Java\jdk-17\bin\java.exe
0x00007ffe6ae20000 - 0x00007ffe6b080000 	C:\WINDOWS\SYSTEM32\ntdll.dll
0x00007ffe6a150000 - 0x00007ffe6a217000 	C:\WINDOWS\System32\KERNEL32.DLL
0x00007ffe68240000 - 0x00007ffe6860a000 	C:\WINDOWS\System32\KERNELBASE.dll
0x00007ffe680f0000 - 0x00007ffe6823b000 	C:\WINDOWS\System32\ucrtbase.dll
0x00007ffe60ef0000 - 0x00007ffe60f09000 	C:\Program Files\Java\jdk-17\bin\jli.dll
0x00007ffe5b6d0000 - 0x00007ffe5b6eb000 	C:\Program Files\Java\jdk-17\bin\VCRUNTIME140.dll
0x00007ffe69520000 - 0x00007ffe695d2000 	C:\WINDOWS\System32\ADVAPI32.dll
0x00007ffe69d70000 - 0x00007ffe69e19000 	C:\WINDOWS\System32\msvcrt.dll
0x00007ffe68cb0000 - 0x00007ffe68d56000 	C:\WINDOWS\System32\sechost.dll
0x00007ffe6acc0000 - 0x00007ffe6add6000 	C:\WINDOWS\System32\RPCRT4.dll
0x00007ffe69170000 - 0x00007ffe6933c000 	C:\WINDOWS\System32\USER32.dll
0x00007ffe680c0000 - 0x00007ffe680e7000 	C:\WINDOWS\System32\win32u.dll
0x00007ffe69140000 - 0x00007ffe6916a000 	C:\WINDOWS\System32\GDI32.dll
0x00007ffe51fc0000 - 0x00007ffe52257000 	C:\WINDOWS\WinSxS\amd64_microsoft.windows.common-controls_6595b64144ccf1df_6.0.26100.3624_none_3e086962e3345f24\COMCTL32.dll
0x00007ffe68810000 - 0x00007ffe68941000 	C:\WINDOWS\System32\gdi32full.dll
0x00007ffe689f0000 - 0x00007ffe68a93000 	C:\WINDOWS\System32\msvcp_win.dll
0x00007ffe61f80000 - 0x00007ffe61f8b000 	C:\WINDOWS\SYSTEM32\VERSION.dll
0x00007ffe6aaa0000 - 0x00007ffe6aacf000 	C:\WINDOWS\System32\IMM32.DLL
0x00007ffe60930000 - 0x00007ffe6093c000 	C:\Program Files\Java\jdk-17\bin\vcruntime140_1.dll
0x00007ffe26510000 - 0x00007ffe2659e000 	C:\Program Files\Java\jdk-17\bin\msvcp140.dll
0x00007ffe04af0000 - 0x00007ffe056cf000 	C:\Program Files\Java\jdk-17\bin\server\jvm.dll
0x00007ffe69e20000 - 0x00007ffe69e28000 	C:\WINDOWS\System32\PSAPI.DLL
0x00007ffe4f440000 - 0x00007ffe4f44a000 	C:\WINDOWS\SYSTEM32\WSOCK32.dll
0x00007ffe52710000 - 0x00007ffe52746000 	C:\WINDOWS\SYSTEM32\WINMM.dll
0x00007ffe68c20000 - 0x00007ffe68c94000 	C:\WINDOWS\System32\ws2_32.DLL
0x00007ffe66e60000 - 0x00007ffe66e7a000 	C:\WINDOWS\SYSTEM32\kernel.appcore.dll
0x00007ffe5a650000 - 0x00007ffe5a65a000 	C:\Program Files\Java\jdk-17\bin\jimage.dll
0x00007ffe657e0000 - 0x00007ffe65a21000 	C:\WINDOWS\SYSTEM32\DBGHELP.DLL
0x00007ffe68d60000 - 0x00007ffe690e2000 	C:\WINDOWS\System32\combase.dll
0x00007ffe69440000 - 0x00007ffe69516000 	C:\WINDOWS\System32\OLEAUT32.dll
0x00007ffe50600000 - 0x00007ffe50639000 	C:\WINDOWS\SYSTEM32\dbgcore.DLL
0x00007ffe68950000 - 0x00007ffe689e9000 	C:\WINDOWS\System32\bcryptPrimitives.dll
0x00007ffe53350000 - 0x00007ffe5338b000 	C:\Program Files\Java\jdk-17\bin\jdwp.dll
0x00007ffe3f220000 - 0x00007ffe3f245000 	C:\Program Files\Java\jdk-17\bin\java.dll
0x00007ffe24a80000 - 0x00007ffe24b57000 	C:\Program Files\Java\jdk-17\bin\jsvml.dll
0x00007ffe6a330000 - 0x00007ffe6aa59000 	C:\WINDOWS\System32\SHELL32.dll
0x00007ffe686a0000 - 0x00007ffe68808000 	C:\WINDOWS\System32\wintypes.dll
0x00007ffe65c80000 - 0x00007ffe664d2000 	C:\WINDOWS\SYSTEM32\windows.storage.dll
0x00007ffe695e0000 - 0x00007ffe696cd000 	C:\WINDOWS\System32\SHCORE.dll
0x00007ffe69e30000 - 0x00007ffe69e94000 	C:\WINDOWS\System32\shlwapi.dll
0x00007ffe67f10000 - 0x00007ffe67f3f000 	C:\WINDOWS\SYSTEM32\profapi.dll
0x00007ffe60ee0000 - 0x00007ffe60eec000 	C:\Program Files\Java\jdk-17\bin\dt_socket.dll
0x00007ffe667f0000 - 0x00007ffe66823000 	C:\WINDOWS\SYSTEM32\IPHLPAPI.DLL
0x00007ffe67450000 - 0x00007ffe674ba000 	C:\WINDOWS\system32\mswsock.dll
0x00007ffe66880000 - 0x00007ffe669a5000 	C:\WINDOWS\SYSTEM32\DNSAPI.dll
0x00007ffe68ca0000 - 0x00007ffe68caa000 	C:\WINDOWS\System32\NSI.dll
0x00007ffe54ee0000 - 0x00007ffe54eeb000 	C:\Windows\System32\rasadhlp.dll
0x00007ffe5eb50000 - 0x00007ffe5ebd5000 	C:\WINDOWS\System32\fwpuclnt.dll
0x00007ffe3b8e0000 - 0x00007ffe3b8f9000 	C:\Program Files\Java\jdk-17\bin\net.dll
0x00007ffe60ba0000 - 0x00007ffe60cbd000 	C:\WINDOWS\SYSTEM32\WINHTTP.dll
0x00007ffe3ac20000 - 0x00007ffe3ac36000 	C:\Program Files\Java\jdk-17\bin\nio.dll
0x00007ffe3be30000 - 0x00007ffe3be48000 	C:\Program Files\Java\jdk-17\bin\zip.dll
0x00007ffe507c0000 - 0x00007ffe507ca000 	C:\Program Files\Java\jdk-17\bin\management.dll
0x00007ffe4f6d0000 - 0x00007ffe4f6db000 	C:\Program Files\Java\jdk-17\bin\management_ext.dll
0x00007ffe4e140000 - 0x00007ffe4e14e000 	C:\Program Files\Java\jdk-17\bin\sunmscapi.dll
0x00007ffe68aa0000 - 0x00007ffe68c17000 	C:\WINDOWS\System32\CRYPT32.dll
0x00007ffe678f0000 - 0x00007ffe67920000 	C:\WINDOWS\SYSTEM32\ncrypt.dll
0x00007ffe678a0000 - 0x00007ffe678df000 	C:\WINDOWS\SYSTEM32\NTASN1.dll
0x00007ffe676f0000 - 0x00007ffe6770c000 	C:\WINDOWS\SYSTEM32\CRYPTSP.dll
0x00007ffe66d50000 - 0x00007ffe66d8a000 	C:\WINDOWS\system32\rsaenh.dll
0x00007ffe674f0000 - 0x00007ffe6751b000 	C:\WINDOWS\SYSTEM32\USERENV.dll
0x00007ffe67ee0000 - 0x00007ffe67f06000 	C:\WINDOWS\SYSTEM32\bcrypt.dll
0x00007ffe67710000 - 0x00007ffe6771c000 	C:\WINDOWS\SYSTEM32\CRYPTBASE.dll
0x00007ffe609b0000 - 0x00007ffe609cf000 	C:\WINDOWS\SYSTEM32\dhcpcsvc6.DLL
0x00007ffe60980000 - 0x00007ffe609a5000 	C:\WINDOWS\SYSTEM32\dhcpcsvc.DLL
0x00007ffe50e90000 - 0x00007ffe50ea0000 	C:\Program Files\Java\jdk-17\bin\verify.dll
0x00007ffe491b0000 - 0x00007ffe491b8000 	C:\WINDOWS\system32\wshunix.dll

dbghelp: loaded successfully - version: 4.0.5 - missing functions: none
symbol engine: initialized successfully - sym options: 0x614 - pdb path: .;C:\Program Files\Java\jdk-17\bin;C:\WINDOWS\SYSTEM32;C:\WINDOWS\WinSxS\amd64_microsoft.windows.common-controls_6595b64144ccf1df_6.0.26100.3624_none_3e086962e3345f24;C:\Program Files\Java\jdk-17\bin\server

VM Arguments:
jvm_args: -agentlib:jdwp=transport=dt_socket,server=n,suspend=y,address=localhost:52065 -XX:+ShowCodeDetailsInExceptionMessages 
java_command: com.nguyenduydai.TopJob.TopJobApplication
java_class_path (initial): D:\LearnJavaSpring\TopJob\TopJob_Backend\build\resources\main;D:\LearnJavaSpring\TopJob\TopJob_Backend\build\classes\java\main;C:\Users\84865\.gradle\caches\modules-2\files-2.1\com.fasterxml.jackson.core\jackson-databind\2.17.3\42c617beb411ee813bdc39a287424bfb19d99185\jackson-databind-2.17.3.jar;C:\Users\84865\.gradle\caches\modules-2\files-2.1\org.thymeleaf\thymeleaf\3.1.3.RELEASE\51474f2a90b282ee97dabcd159c7faf24790f373\thymeleaf-3.1.3.RELEASE.jar;C:\Users\84865\.gradle\caches\modules-2\files-2.1\jakarta.xml.bind\jakarta.xml.bind-api\4.0.2\6cd5a999b834b63238005b7144136379dc36cad2\jakarta.xml.bind-api-4.0.2.jar;C:\Users\84865\.gradle\caches\modules-2\files-2.1\com.fasterxml\classmate\1.7.0\e98374da1f2143ac8e6e0a95036994bb19137a3\classmate-1.7.0.jar;C:\Users\84865\.gradle\caches\modules-2\files-2.1\org.springframework\spring-aop\6.1.18\6626d8e89778406398101895c22ccdf6f608f3\spring-aop-6.1.18.jar;C:\Users\84865\.gradle\caches\modules-2\files-2.1\org.glassfish.jaxb\jaxb-runtime\4.0.5\ca84c2a7169b5293e232b9d00d1e4e36d4c3914a\jaxb-runtime-4.0.5.jar;C:\Users\84865\.gradle\caches\modules-2\files-2.1\jakarta.activation\jakarta.activation-api\2.1.3\fa165bd70cda600368eee31555222776a46b881f\jakarta.activation-api-2.1.3.jar;C:\Users\84865\.gradle\caches\modules-2\files-2.1\org.springframework.boot\spring-boot-starter-validation\3.3.10\7acd36e6add1692a2f0a3d771619706939d97d90\spring-boot-starter-validation-3.3.10.jar;C:\Users\84865\.gradle\caches\modules-2\files-2.1\org.springframework.boot\spring-boot-starter-json\3.3.10\b50253059d49b2f37640e36d3882aa2ff7b65a97\spring-boot-starter-json-3.3.10.jar;C:\Users\84865\.gradle\caches\modules-2\files-2.1\org.springframework.boot\spring-boot-autoconfigure\3.3.10\a2215c7b8db62c4f1ee082f80ebfc15e508a975e\spring-boot-autoconfigure-3.3.10.jar;C:\Users\84865\.gradle\caches\modules-2\files-2.1\org.springframework\spring-beans\6.1.18\aee3affac2badcfc2bf4ca0e0543d9470fd03e7c\spring-beans-6.1.18.jar;C:\Users\84865\.g
Launcher Type: SUN_STANDARD

[Global flags]
     intx CICompilerCount                          = 4                                         {product} {ergonomic}
     uint ConcGCThreads                            = 3                                         {product} {ergonomic}
     uint G1ConcRefinementThreads                  = 10                                        {product} {ergonomic}
   size_t G1HeapRegionSize                         = 1048576                                   {product} {ergonomic}
    uintx GCDrainStackTargetSize                   = 64                                        {product} {ergonomic}
   size_t InitialHeapSize                          = 132120576                                 {product} {ergonomic}
   size_t MarkStackSize                            = 4194304                                   {product} {ergonomic}
   size_t MaxHeapSize                              = 2086666240                                {product} {ergonomic}
   size_t MaxNewSize                               = 1251999744                                {product} {ergonomic}
   size_t MinHeapDeltaBytes                        = 1048576                                   {product} {ergonomic}
   size_t MinHeapSize                              = 8388608                                   {product} {ergonomic}
    uintx NonNMethodCodeHeapSize                   = 5839372                                {pd product} {ergonomic}
    uintx NonProfiledCodeHeapSize                  = 122909434                              {pd product} {ergonomic}
    uintx ProfiledCodeHeapSize                     = 122909434                              {pd product} {ergonomic}
    uintx ReservedCodeCacheSize                    = 251658240                              {pd product} {ergonomic}
     bool SegmentedCodeCache                       = true                                      {product} {ergonomic}
     bool ShowCodeDetailsInExceptionMessages       = true                                   {manageable} {command line}
   size_t SoftMaxHeapSize                          = 2086666240                             {manageable} {ergonomic}
     bool UseCompressedClassPointers               = true                           {product lp64_product} {ergonomic}
     bool UseCompressedOops                        = true                           {product lp64_product} {ergonomic}
     bool UseG1GC                                  = true                                      {product} {ergonomic}
     bool UseLargePagesIndividualAllocation        = false                                  {pd product} {ergonomic}

Logging:
Log output configuration:
 #0: stdout all=warning uptime,level,tags
 #1: stderr all=off uptime,level,tags

Environment Variables:
JAVA_HOME=C:\Program Files\Java\jdk1.8.0_191
PATH=D:\LearnJavaSpring\TopJob\TopJob_Backend\node_modules\.bin;C:\Program Files\Common Files\Oracle\Java\javapath;C:\Program Files (x86)\Common Files\Oracle\Java\javapath;C:\Program Files\Microsoft\jdk-11.0.16.101-hotspot\bin;C:\Program Files\Microsoft MPI\Bin\;C:\WINDOWS\system32;C:\WINDOWS;C:\WINDOWS\System32\Wbem;C:\WINDOWS\System32\WindowsPowerShell\v1.0\;C:\WINDOWS\System32\OpenSSH\;C:\Program Files (x86)\Microsoft SQL Server\160\Tools\Binn\;C:\Program Files\Microsoft SQL Server\160\Tools\Binn\;C:\Program Files\Microsoft SQL Server\Client SDK\ODBC\170\Tools\Binn\;C:\Program Files\Microsoft SQL Server\160\DTS\Binn\;C:\Program Files\Git\cmd;C:\Program Files (x86)\Rational\common;C:\Program Files\Java\jdk1.8.0_191\bin;C:\apache-maven-3.6.0\bin;C:\Program Files\nodejs\;C:\Program Files\Docker\Docker\resources\bin;C:\Program Files\Microsoft SQL Server\150\Tools\Binn\;C:\Program Files\dotnet\;C:\Program Files (x86)\Microsoft SQL Server\160\DTS\Binn\;C:\Users\84865\AppData\Local\Microsoft\WindowsApps;C:\Program Files\Azure Data Studio\bin;C:\Users\84865\AppData\Local\Programs\Microsoft VS Code\bin;C:\Program Files\JetBrains\IntelliJ IDEA Community Edition 2023.1.2\bin;;D:\xampp\php;C:\AppServ\Apache24\bin;C:\AppServ\php7;C:\AppServ\MySQL\bin;C:\Users\84865\AppData\Roaming\npm;C:\Users\84865\.dotnet\tools;
USERNAME=84865
LANG=en_US.UTF-8
OS=Windows_NT
PROCESSOR_IDENTIFIER=Intel64 Family 6 Model 141 Stepping 1, GenuineIntel



---------------  S Y S T E M  ---------------

OS:
 Windows 11 , 64 bit Build 26100 (10.0.26100.3775)
OS uptime: 27 days 13:11 hours
Hyper-V role detected

CPU: total 12 (initial active 12) (6 cores per cpu, 2 threads per core) family 6 model 141 stepping 1 microcode 0x3c, cx8, cmov, fxsr, ht, mmx, 3dnowpref, sse, sse2, sse3, ssse3, sse4.1, sse4.2, popcnt, lzcnt, tsc, tscinvbit, avx, avx2, aes, erms, clmul, bmi1, bmi2, adx, avx512f, avx512dq, avx512cd, avx512bw, avx512vl, sha, fma, vzeroupper, avx512_vpopcntdq, avx512_vpclmulqdq, avx512_vaes, avx512_vnni, clflush, clflushopt, clwb, avx512_vbmi2, avx512_vbmi, hv

Memory: 4k page, system-wide physical 7955M (457M free)
TotalPageFile size 23337M (AvailPageFile size 19M)
current process WorkingSet (physical memory assigned to process): 223M, peak: 378M
current process commit charge ("private bytes"): 362M, peak: 418M

vm_info: Java HotSpot(TM) 64-Bit Server VM (17.0.10+11-LTS-240) for windows-amd64 JRE (17.0.10+11-LTS-240), built on Dec 19 2023 21:47:25 by "mach5one" with MS VC++ 17.1 (VS2022)

END.
